# JRE version: OpenJDK Runtime Environment (11.0.15) (build 11.0.15+0-b2043.56-9505619)
# Java VM: OpenJDK 64-Bit Server VM (11.0.15+0-b2043.56-9505619, mixed mode, tiered, compressed oops, g1 gc, windows-amd64)
Heap:
 garbage-first heap   total 187392K, used 135588K [0x0000000080000000, 0x0000000100000000)
  region size 1024K, 24 young (24576K), 1 survivors (1024K)
 Metaspace       used 56925K, capacity 58629K, committed 58832K, reserved 1099776K
  class space    used 7331K, capacity 7953K, committed 7968K, reserved 1048576K
GC Heap History (20 events):
Event: 32.852 GC heap before
{Heap before GC invocations=24 (full 0):
 garbage-first heap   total 129024K, used 108975K [0x0000000080000000, 0x0000000100000000)
  region size 1024K, 15 young (15360K), 1 survivors (1024K)
 Metaspace       used 50186K, capacity 51726K, committed 51792K, reserved 1093632K
  class space    used 6440K, capacity 7007K, committed 7072K, reserved 1048576K
}
Event: 32.855 GC heap after
{Heap after GC invocations=25 (full 0):
 garbage-first heap   total 129024K, used 94978K [0x0000000080000000, 0x0000000100000000)
  region size 1024K, 2 young (2048K), 2 survivors (2048K)
 Metaspace       used 50186K, capacity 51726K, committed 51792K, reserved 1093632K
  class space    used 6440K, capacity 7007K, committed 7072K, reserved 1048576K
}
Event: 33.181 GC heap before
{Heap before GC invocations=25 (full 0):
 garbage-first heap   total 129024K, used 108290K [0x0000000080000000, 0x0000000100000000)
  region size 1024K, 15 young (15360K), 2 survivors (2048K)
 Metaspace       used 51090K, capacity 52582K, committed 52688K, reserved 1095680K
  class space    used 6570K, capacity 7121K, committed 7200K, reserved 1048576K
}
Event: 33.184 GC heap after
{Heap after GC invocations=26 (full 0):
 garbage-first heap   total 129024K, used 95393K [0x0000000080000000, 0x0000000100000000)
  region size 1024K, 1 young (1024K), 1 survivors (1024K)
 Metaspace       used 51090K, capacity 52582K, committed 52688K, reserved 1095680K
  class space    used 6570K, capacity 7121K, committed 7200K, reserved 1048576K
}
Event: 33.754 GC heap before
{Heap before GC invocations=27 (full 0):
 garbage-first heap   total 129024K, used 109729K [0x0000000080000000, 0x0000000100000000)
  region size 1024K, 15 young (15360K), 1 survivors (1024K)
 Metaspace       used 51864K, capacity 53379K, committed 53584K, reserved 1095680K
  class space    used 6639K, capacity 7213K, committed 7328K, reserved 1048576K
}
Event: 33.757 GC heap after
{Heap after GC invocations=28 (full 0):
 garbage-first heap   total 129024K, used 96077K [0x0000000080000000, 0x0000000100000000)
  region size 1024K, 2 young (2048K), 2 survivors (2048K)
 Metaspace       used 51864K, capacity 53379K, committed 53584K, reserved 1095680K
  class space    used 6639K, capacity 7213K, committed 7328K, reserved 1048576K
}
Event: 34.091 GC heap before
{Heap before GC invocations=28 (full 0):
 garbage-first heap   total 129024K, used 108365K [0x0000000080000000, 0x0000000100000000)
  region size 1024K, 15 young (15360K), 2 survivors (2048K)
 Metaspace       used 52210K, capacity 53803K, committed 54096K, reserved 1095680K
  class space    used 6676K, capacity 7266K, committed 7328K, reserved 1048576K
}
Event: 34.094 GC heap after
{Heap after GC invocations=29 (full 0):
 garbage-first heap   total 129024K, used 97164K [0x0000000080000000, 0x0000000100000000)
  region size 1024K, 2 young (2048K), 2 survivors (2048K)
 Metaspace       used 52210K, capacity 53803K, committed 54096K, reserved 1095680K
  class space    used 6676K, capacity 7266K, committed 7328K, reserved 1048576K
}
Event: 34.307 GC heap before
{Heap before GC invocations=30 (full 0):
 garbage-first heap   total 129024K, used 104332K [0x0000000080000000, 0x0000000100000000)
  region size 1024K, 11 young (11264K), 2 survivors (2048K)
 Metaspace       used 52511K, capacity 54202K, committed 54352K, reserved 1095680K
  class space    used 6715K, capacity 7309K, committed 7328K, reserved 1048576K
}
Event: 34.312 GC heap after
{Heap after GC invocations=31 (full 0):
 garbage-first heap   total 155648K, used 97831K [0x0000000080000000, 0x0000000100000000)
  region size 1024K, 1 young (1024K), 1 survivors (1024K)
 Metaspace       used 52511K, capacity 54202K, committed 54352K, reserved 1095680K
  class space    used 6715K, capacity 7309K, committed 7328K, reserved 1048576K
}
Event: 34.473 GC heap before
{Heap before GC invocations=32 (full 0):
 garbage-first heap   total 155648K, used 103975K [0x0000000080000000, 0x0000000100000000)
  region size 1024K, 6 young (6144K), 1 survivors (1024K)
 Metaspace       used 52519K, capacity 54202K, committed 54352K, reserved 1095680K
  class space    used 6715K, capacity 7309K, committed 7328K, reserved 1048576K
}
Event: 34.478 GC heap after
{Heap after GC invocations=33 (full 0):
 garbage-first heap   total 155648K, used 103970K [0x0000000080000000, 0x0000000100000000)
  region size 1024K, 3 young (3072K), 3 survivors (3072K)
 Metaspace       used 52519K, capacity 54202K, committed 54352K, reserved 1095680K
  class space    used 6715K, capacity 7309K, committed 7328K, reserved 1048576K
}
Event: 34.822 GC heap before
{Heap before GC invocations=34 (full 0):
 garbage-first heap   total 155648K, used 123426K [0x0000000080000000, 0x0000000100000000)
  region size 1024K, 19 young (19456K), 3 survivors (3072K)
 Metaspace       used 53998K, capacity 55640K, committed 56016K, reserved 1097728K
  class space    used 6975K, capacity 7577K, committed 7712K, reserved 1048576K
}
Event: 34.827 GC heap after
{Heap after GC invocations=35 (full 0):
 garbage-first heap   total 155648K, used 110988K [0x0000000080000000, 0x0000000100000000)
  region size 1024K, 3 young (3072K), 3 survivors (3072K)
 Metaspace       used 53998K, capacity 55640K, committed 56016K, reserved 1097728K
  class space    used 6975K, capacity 7577K, committed 7712K, reserved 1048576K
}
Event: 35.140 GC heap before
{Heap before GC invocations=35 (full 0):
 garbage-first heap   total 155648K, used 125324K [0x0000000080000000, 0x0000000100000000)
  region size 1024K, 17 young (17408K), 3 survivors (3072K)
 Metaspace       used 55310K, capacity 56931K, committed 57168K, reserved 1099776K
  class space    used 7166K, capacity 7773K, committed 7840K, reserved 1048576K
}
Event: 35.147 GC heap after
{Heap after GC invocations=36 (full 0):
 garbage-first heap   total 155648K, used 112360K [0x0000000080000000, 0x0000000100000000)
  region size 1024K, 2 young (2048K), 2 survivors (2048K)
 Metaspace       used 55310K, capacity 56931K, committed 57168K, reserved 1099776K
  class space    used 7166K, capacity 7773K, committed 7840K, reserved 1048576K
}
Event: 35.306 GC heap before
{Heap before GC invocations=37 (full 0):
 garbage-first heap   total 155648K, used 126696K [0x0000000080000000, 0x0000000100000000)
  region size 1024K, 16 young (16384K), 2 survivors (2048K)
 Metaspace       used 55399K, capacity 57123K, committed 57424K, reserved 1099776K
  class space    used 7166K, capacity 7773K, committed 7840K, reserved 1048576K
}
Event: 35.310 GC heap after
{Heap after GC invocations=38 (full 0):
 garbage-first heap   total 187392K, used 112684K [0x0000000080000000, 0x0000000100000000)
  region size 1024K, 1 young (1024K), 1 survivors (1024K)
 Metaspace       used 55399K, capacity 57123K, committed 57424K, reserved 1099776K
  class space    used 7166K, capacity 7773K, committed 7840K, reserved 1048576K
}
Event: 35.663 GC heap before
{Heap before GC invocations=38 (full 0):
 garbage-first heap   total 187392K, used 139308K [0x0000000080000000, 0x0000000100000000)
  region size 1024K, 27 young (27648K), 1 survivors (1024K)
 Metaspace       used 55708K, capacity 57401K, committed 57424K, reserved 1099776K
  class space    used 7204K, capacity 7823K, committed 7840K, reserved 1048576K
}
Event: 35.666 GC heap after
{Heap after GC invocations=39 (full 0):
 garbage-first heap   total 187392K, used 113060K [0x0000000080000000, 0x0000000100000000)
  region size 1024K, 1 young (1024K), 1 survivors (1024K)
 Metaspace       used 55708K, capacity 57401K, committed 57424K, reserved 1099776K
  class space    used 7204K, capacity 7823K, committed 7840K, reserved 1048576K
}

