# JRE version: OpenJDK Runtime Environment (11.0.15) (build 11.0.15+0-b2043.56-9505619)
# Java VM: OpenJDK 64-Bit Server VM (11.0.15+0-b2043.56-9505619, mixed mode, tiered, compressed oops, g1 gc, windows-amd64)
Heap:
 garbage-first heap   total 324608K, used 198465K [0x0000000080000000, 0x0000000100000000)
  region size 1024K, 3 young (3072K), 3 survivors (3072K)
 Metaspace       used 113951K, capacity 116963K, committed 117072K, reserved 1150976K
  class space    used 14478K, capacity 15551K, committed 15616K, reserved 1048576K
GC Heap History (20 events):
Event: 61.709 GC heap after
{Heap after GC invocations=96 (full 0):
 garbage-first heap   total 270336K, used 192079K [0x0000000080000000, 0x0000000100000000)
  region size 1024K, 1 young (1024K), 1 survivors (1024K)
 Metaspace       used 106002K, capacity 109013K, committed 109264K, reserved 1144832K
  class space    used 13515K, capacity 14596K, committed 14720K, reserved 1048576K
}
Event: 61.850 GC heap before
{Heap before GC invocations=96 (full 0):
 garbage-first heap   total 270336K, used 229967K [0x0000000080000000, 0x0000000100000000)
  region size 1024K, 38 young (38912K), 1 survivors (1024K)
 Metaspace       used 106025K, capacity 109014K, committed 109264K, reserved 1144832K
  class space    used 13515K, capacity 14596K, committed 14720K, reserved 1048576K
}
Event: 61.854 GC heap after
{Heap after GC invocations=97 (full 0):
 garbage-first heap   total 270336K, used 194892K [0x0000000080000000, 0x0000000100000000)
  region size 1024K, 4 young (4096K), 4 survivors (4096K)
 Metaspace       used 106025K, capacity 109014K, committed 109264K, reserved 1144832K
  class space    used 13515K, capacity 14596K, committed 14720K, reserved 1048576K
}
Event: 62.081 GC heap before
{Heap before GC invocations=97 (full 0):
 garbage-first heap   total 270336K, used 231756K [0x0000000080000000, 0x0000000100000000)
  region size 1024K, 40 young (40960K), 4 survivors (4096K)
 Metaspace       used 106081K, capacity 109034K, committed 109264K, reserved 1144832K
  class space    used 13516K, capacity 14598K, committed 14720K, reserved 1048576K
}
Event: 62.085 GC heap after
{Heap after GC invocations=98 (full 0):
 garbage-first heap   total 270336K, used 192966K [0x0000000080000000, 0x0000000100000000)
  region size 1024K, 1 young (1024K), 1 survivors (1024K)
 Metaspace       used 106081K, capacity 109034K, committed 109264K, reserved 1144832K
  class space    used 13516K, capacity 14598K, committed 14720K, reserved 1048576K
}
Event: 62.265 GC heap before
{Heap before GC invocations=99 (full 0):
 garbage-first heap   total 270336K, used 231878K [0x0000000080000000, 0x0000000100000000)
  region size 1024K, 39 young (39936K), 1 survivors (1024K)
 Metaspace       used 106084K, capacity 109034K, committed 109264K, reserved 1144832K
  class space    used 13516K, capacity 14598K, committed 14720K, reserved 1048576K
}
Event: 62.267 GC heap after
{Heap after GC invocations=100 (full 0):
 garbage-first heap   total 270336K, used 193858K [0x0000000080000000, 0x0000000100000000)
  region size 1024K, 2 young (2048K), 2 survivors (2048K)
 Metaspace       used 106084K, capacity 109034K, committed 109264K, reserved 1144832K
  class space    used 13516K, capacity 14598K, committed 14720K, reserved 1048576K
}
Event: 62.407 GC heap before
{Heap before GC invocations=100 (full 0):
 garbage-first heap   total 270336K, used 232770K [0x0000000080000000, 0x0000000100000000)
  region size 1024K, 40 young (40960K), 2 survivors (2048K)
 Metaspace       used 106084K, capacity 109034K, committed 109264K, reserved 1144832K
  class space    used 13516K, capacity 14598K, committed 14720K, reserved 1048576K
}
Event: 62.410 GC heap after
{Heap after GC invocations=101 (full 0):
 garbage-first heap   total 270336K, used 195270K [0x0000000080000000, 0x0000000100000000)
  region size 1024K, 3 young (3072K), 3 survivors (3072K)
 Metaspace       used 106084K, capacity 109034K, committed 109264K, reserved 1144832K
  class space    used 13516K, capacity 14598K, committed 14720K, reserved 1048576K
}
Event: 63.141 GC heap before
{Heap before GC invocations=102 (full 0):
 garbage-first heap   total 270336K, used 233158K [0x0000000080000000, 0x0000000100000000)
  region size 1024K, 41 young (41984K), 3 survivors (3072K)
 Metaspace       used 107828K, capacity 110797K, committed 110928K, reserved 1144832K
  class space    used 13758K, capacity 14823K, committed 14848K, reserved 1048576K
}
Event: 63.144 GC heap after
{Heap after GC invocations=103 (full 0):
 garbage-first heap   total 270336K, used 195943K [0x0000000080000000, 0x0000000100000000)
  region size 1024K, 4 young (4096K), 4 survivors (4096K)
 Metaspace       used 107828K, capacity 110797K, committed 110928K, reserved 1144832K
  class space    used 13758K, capacity 14823K, committed 14848K, reserved 1048576K
}
Event: 63.701 GC heap before
{Heap before GC invocations=103 (full 0):
 garbage-first heap   total 270336K, used 233831K [0x0000000080000000, 0x0000000100000000)
  region size 1024K, 42 young (43008K), 4 survivors (4096K)
 Metaspace       used 110569K, capacity 113549K, committed 113872K, reserved 1148928K
  class space    used 14076K, capacity 15143K, committed 15232K, reserved 1048576K
}
Event: 63.711 GC heap after
{Heap after GC invocations=104 (full 0):
 garbage-first heap   total 270336K, used 197649K [0x0000000080000000, 0x0000000100000000)
  region size 1024K, 5 young (5120K), 5 survivors (5120K)
 Metaspace       used 110569K, capacity 113549K, committed 113872K, reserved 1148928K
  class space    used 14076K, capacity 15143K, committed 15232K, reserved 1048576K
}
Event: 64.546 GC heap before
{Heap before GC invocations=105 (full 0):
 garbage-first heap   total 270336K, used 233489K [0x0000000080000000, 0x0000000100000000)
  region size 1024K, 42 young (43008K), 5 survivors (5120K)
 Metaspace       used 111773K, capacity 114712K, committed 115024K, reserved 1148928K
  class space    used 14203K, capacity 15249K, committed 15360K, reserved 1048576K
}
Event: 64.554 GC heap after
{Heap after GC invocations=106 (full 0):
 garbage-first heap   total 270336K, used 196816K [0x0000000080000000, 0x0000000100000000)
  region size 1024K, 5 young (5120K), 5 survivors (5120K)
 Metaspace       used 111773K, capacity 114712K, committed 115024K, reserved 1148928K
  class space    used 14203K, capacity 15249K, committed 15360K, reserved 1048576K
}
Event: 64.733 GC heap before
{Heap before GC invocations=106 (full 0):
 garbage-first heap   total 270336K, used 234704K [0x0000000080000000, 0x0000000100000000)
  region size 1024K, 42 young (43008K), 5 survivors (5120K)
 Metaspace       used 111790K, capacity 114712K, committed 115024K, reserved 1148928K
  class space    used 14203K, capacity 15249K, committed 15360K, reserved 1048576K
}
Event: 64.751 GC heap after
{Heap after GC invocations=107 (full 0):
 garbage-first heap   total 270336K, used 196671K [0x0000000080000000, 0x0000000100000000)
  region size 1024K, 3 young (3072K), 3 survivors (3072K)
 Metaspace       used 111790K, capacity 114712K, committed 115024K, reserved 1148928K
  class space    used 14203K, capacity 15249K, committed 15360K, reserved 1048576K
}
Event: 66.060 GC heap before
{Heap before GC invocations=108 (full 0):
 garbage-first heap   total 270336K, used 233535K [0x0000000080000000, 0x0000000100000000)
  region size 1024K, 40 young (40960K), 3 survivors (3072K)
 Metaspace       used 112985K, capacity 116003K, committed 116176K, reserved 1150976K
  class space    used 14350K, capacity 15423K, committed 15488K, reserved 1048576K
}
Event: 66.070 GC heap after
{Heap after GC invocations=109 (full 0):
 garbage-first heap   total 270336K, used 198199K [0x0000000080000000, 0x0000000100000000)
  region size 1024K, 3 young (3072K), 3 survivors (3072K)
 Metaspace       used 112985K, capacity 116003K, committed 116176K, reserved 1150976K
  class space    used 14350K, capacity 15423K, committed 15488K, reserved 1048576K
}
Event: 66.345 GC heap before
{Heap before GC invocations=109 (full 0):
 garbage-first heap   total 270336K, used 235063K [0x0000000080000000, 0x0000000100000000)
  region size 1024K, 39 young (39936K), 3 survivors (3072K)
 Metaspace       used 113951K, capacity 116963K, committed 117072K, reserved 1150976K
  class space    used 14478K, capacity 15551K, committed 15616K, reserved 1048576K
}

