# JRE version: OpenJDK Runtime Environment (11.0.15) (build 11.0.15+0-b2043.56-9505619)
# Java VM: OpenJDK 64-Bit Server VM (11.0.15+0-b2043.56-9505619, mixed mode, tiered, compressed oops, g1 gc, windows-amd64)
Heap:
 garbage-first heap   total 327680K, used 231574K [0x0000000080000000, 0x0000000100000000)
  region size 1024K, 62 young (63488K), 3 survivors (3072K)
 Metaspace       used 100000K, capacity 102937K, committed 103120K, reserved 1138688K
  class space    used 13066K, capacity 14106K, committed 14208K, reserved 1048576K
GC Heap History (20 events):
Event: 51.350 GC heap before
{Heap before GC invocations=88 (full 0):
 garbage-first heap   total 187392K, used 173841K [0x0000000080000000, 0x0000000100000000)
  region size 1024K, 9 young (9216K), 2 survivors (2048K)
 Metaspace       used 86034K, capacity 88418K, committed 88528K, reserved 1126400K
  class space    used 11225K, capacity 12100K, committed 12160K, reserved 1048576K
}
Event: 51.355 GC heap after
{Heap after GC invocations=89 (full 0):
 garbage-first heap   total 187392K, used 166740K [0x0000000080000000, 0x0000000100000000)
  region size 1024K, 1 young (1024K), 1 survivors (1024K)
 Metaspace       used 86034K, capacity 88418K, committed 88528K, reserved 1126400K
  class space    used 11225K, capacity 12100K, committed 12160K, reserved 1048576K
}
Event: 51.410 GC heap before
{Heap before GC invocations=89 (full 0):
 garbage-first heap   total 187392K, used 174932K [0x0000000080000000, 0x0000000100000000)
  region size 1024K, 9 young (9216K), 1 survivors (1024K)
 Metaspace       used 86229K, capacity 88579K, committed 88784K, reserved 1126400K
  class space    used 11258K, capacity 12132K, committed 12160K, reserved 1048576K
}
Event: 51.412 GC heap after
{Heap after GC invocations=90 (full 0):
 garbage-first heap   total 187392K, used 167059K [0x0000000080000000, 0x0000000100000000)
  region size 1024K, 2 young (2048K), 2 survivors (2048K)
 Metaspace       used 86229K, capacity 88579K, committed 88784K, reserved 1126400K
  class space    used 11258K, capacity 12132K, committed 12160K, reserved 1048576K
}
Event: 51.501 GC heap before
{Heap before GC invocations=90 (full 0):
 garbage-first heap   total 187392K, used 174227K [0x0000000080000000, 0x0000000100000000)
  region size 1024K, 9 young (9216K), 2 survivors (2048K)
 Metaspace       used 86360K, capacity 88719K, committed 88784K, reserved 1126400K
  class space    used 11276K, capacity 12134K, committed 12160K, reserved 1048576K
}
Event: 51.504 GC heap after
{Heap after GC invocations=91 (full 0):
 garbage-first heap   total 187392K, used 167348K [0x0000000080000000, 0x0000000100000000)
  region size 1024K, 2 young (2048K), 2 survivors (2048K)
 Metaspace       used 86360K, capacity 88719K, committed 88784K, reserved 1126400K
  class space    used 11276K, capacity 12134K, committed 12160K, reserved 1048576K
}
Event: 51.718 GC heap before
{Heap before GC invocations=92 (full 0):
 garbage-first heap   total 187392K, used 173492K [0x0000000080000000, 0x0000000100000000)
  region size 1024K, 9 young (9216K), 2 survivors (2048K)
 Metaspace       used 86433K, capacity 88866K, committed 89040K, reserved 1126400K
  class space    used 11277K, capacity 12136K, committed 12160K, reserved 1048576K
}
Event: 51.721 GC heap after
{Heap after GC invocations=93 (full 0):
 garbage-first heap   total 187392K, used 168139K [0x0000000080000000, 0x0000000100000000)
  region size 1024K, 2 young (2048K), 2 survivors (2048K)
 Metaspace       used 86433K, capacity 88866K, committed 89040K, reserved 1126400K
  class space    used 11277K, capacity 12136K, committed 12160K, reserved 1048576K
}
Event: 51.801 GC heap before
{Heap before GC invocations=93 (full 0):
 garbage-first heap   total 187392K, used 175307K [0x0000000080000000, 0x0000000100000000)
  region size 1024K, 9 young (9216K), 2 survivors (2048K)
 Metaspace       used 86540K, capacity 88931K, committed 89040K, reserved 1126400K
  class space    used 11287K, capacity 12136K, committed 12160K, reserved 1048576K
}
Event: 51.805 GC heap after
{Heap after GC invocations=94 (full 0):
 garbage-first heap   total 226304K, used 168676K [0x0000000080000000, 0x0000000100000000)
  region size 1024K, 2 young (2048K), 2 survivors (2048K)
 Metaspace       used 86540K, capacity 88931K, committed 89040K, reserved 1126400K
  class space    used 11287K, capacity 12136K, committed 12160K, reserved 1048576K
}
Event: 51.995 GC heap before
{Heap before GC invocations=95 (full 0):
 garbage-first heap   total 226304K, used 186084K [0x0000000080000000, 0x0000000100000000)
  region size 1024K, 19 young (19456K), 2 survivors (2048K)
 Metaspace       used 87145K, capacity 89613K, committed 89680K, reserved 1126400K
  class space    used 11360K, capacity 12276K, committed 12288K, reserved 1048576K
}
Event: 52.000 GC heap after
{Heap after GC invocations=96 (full 0):
 garbage-first heap   total 226304K, used 169473K [0x0000000080000000, 0x0000000100000000)
  region size 1024K, 3 young (3072K), 3 survivors (3072K)
 Metaspace       used 87145K, capacity 89613K, committed 89680K, reserved 1126400K
  class space    used 11360K, capacity 12276K, committed 12288K, reserved 1048576K
}
Event: 52.158 GC heap before
{Heap before GC invocations=96 (full 0):
 garbage-first heap   total 226304K, used 186881K [0x0000000080000000, 0x0000000100000000)
  region size 1024K, 20 young (20480K), 3 survivors (3072K)
 Metaspace       used 87752K, capacity 90229K, committed 90320K, reserved 1128448K
  class space    used 11458K, capacity 12353K, committed 12416K, reserved 1048576K
}
Event: 52.163 GC heap after
{Heap after GC invocations=97 (full 0):
 garbage-first heap   total 226304K, used 170668K [0x0000000080000000, 0x0000000100000000)
  region size 1024K, 3 young (3072K), 3 survivors (3072K)
 Metaspace       used 87752K, capacity 90229K, committed 90320K, reserved 1128448K
  class space    used 11458K, capacity 12353K, committed 12416K, reserved 1048576K
}
Event: 52.322 GC heap before
{Heap before GC invocations=97 (full 0):
 garbage-first heap   total 226304K, used 189100K [0x0000000080000000, 0x0000000100000000)
  region size 1024K, 21 young (21504K), 3 survivors (3072K)
 Metaspace       used 88704K, capacity 91269K, committed 91472K, reserved 1128448K
  class space    used 11569K, capacity 12486K, committed 12544K, reserved 1048576K
}
Event: 52.328 GC heap after
{Heap after GC invocations=98 (full 0):
 garbage-first heap   total 226304K, used 171081K [0x0000000080000000, 0x0000000100000000)
  region size 1024K, 2 young (2048K), 2 survivors (2048K)
 Metaspace       used 88704K, capacity 91269K, committed 91472K, reserved 1128448K
  class space    used 11569K, capacity 12486K, committed 12544K, reserved 1048576K
}
Event: 52.340 GC heap before
{Heap before GC invocations=99 (full 0):
 garbage-first heap   total 226304K, used 173129K [0x0000000080000000, 0x0000000100000000)
  region size 1024K, 6 young (6144K), 2 survivors (2048K)
 Metaspace       used 88789K, capacity 91333K, committed 91472K, reserved 1128448K
  class space    used 11581K, capacity 12486K, committed 12544K, reserved 1048576K
}
Event: 52.349 GC heap after
{Heap after GC invocations=100 (full 0):
 garbage-first heap   total 327680K, used 171414K [0x0000000080000000, 0x0000000100000000)
  region size 1024K, 3 young (3072K), 3 survivors (3072K)
 Metaspace       used 88789K, capacity 91333K, committed 91472K, reserved 1128448K
  class space    used 11581K, capacity 12486K, committed 12544K, reserved 1048576K
}
Event: 53.288 GC heap before
{Heap before GC invocations=101 (full 0):
 garbage-first heap   total 327680K, used 233878K [0x0000000080000000, 0x0000000100000000)
  region size 1024K, 63 young (64512K), 3 survivors (3072K)
 Metaspace       used 93929K, capacity 96555K, committed 96720K, reserved 1132544K
  class space    used 12227K, capacity 13147K, committed 13184K, reserved 1048576K
}
Event: 53.297 GC heap after
{Heap after GC invocations=102 (full 0):
 garbage-first heap   total 327680K, used 172182K [0x0000000080000000, 0x0000000100000000)
  region size 1024K, 3 young (3072K), 3 survivors (3072K)
 Metaspace       used 93929K, capacity 96555K, committed 96720K, reserved 1132544K
  class space    used 12227K, capacity 13147K, committed 13184K, reserved 1048576K
}

